<?xml version="1.0" encoding="UTF-8"?>
<!-- Generated by org.testng.reporters.JUnitReportReporter -->
<testsuite hostname="DESKTOP-LVM8MUI" failures="0" tests="1" name="variousConcepts.LearnTestNG" time="11.214" errors="0" timestamp="2022-05-17T17:15:04 PDT" skipped="0">
  <testcase classname="variousConcepts.LearnTestNG" name="addCustomerTest" time="11.214"/>
  <system-out/>
</testsuite> <!-- variousConcepts.LearnTestNG -->
