<?xml version="1.0" encoding="UTF-8"?>
<!-- Generated by org.testng.reporters.JUnitReportReporter -->
<testsuite hostname="DESKTOP-LVM8MUI" failures="0" tests="1" name="variousConcepts.HW2" time="15.005" errors="0" timestamp="2022-05-13T11:02:28 PDT" skipped="0">
  <testcase classname="variousConcepts.HW2" name="login" time="15.005"/>
  <system-out/>
</testsuite> <!-- variousConcepts.HW2 -->
